<?xml version="1.0" encoding="UTF-8"?>
<testsuite xmlns:xsi="http://www.w3.org/2001/XMLSchema-instance" xsi:noNamespaceSchemaLocation="https://maven.apache.org/surefire/maven-surefire-plugin/xsd/surefire-test-report-3.0.xsd" version="3.0" name="com.classroom.docmanager.service.StudentDocumentManagerTest" time="0.524" tests="6" errors="0" skipped="0" failures="0">
  <properties>
[...]
</properties>
  <testcase name="uploadAssignment_shouldUploadToS3AndSaveMetadata(Path)" classname="com.classroom.docmanager.service.StudentDocumentManagerTest" time="0.508">
    <system-out><![CDATA[11:23:05.043 [main] INFO  c.c.d.service.StudentDocumentManager - Assignment uploaded successfully: Document{studentId='stu001', documentId='7713d10e-5d81-469c-b817-90fb52477a8b', fileName='homework.txt', size=20}
]]></system-out>
  </testcase>
  <testcase name="deleteAssignment_shouldDoNothingWhenDocumentNotFound" classname="com.classroom.docmanager.service.StudentDocumentManagerTest" time="0.002"/>
  <testcase name="downloadAssignment_shouldThrowWhenDocumentNotFound" classname="com.classroom.docmanager.service.StudentDocumentManagerTest" time="0.002"/>
  <testcase name="downloadAssignment_shouldLookupMetadataThenDownload" classname="com.classroom.docmanager.service.StudentDocumentManagerTest" time="0.001"/>
  <testcase name="listAssignments_shouldDelegateToMetadataService" classname="com.classroom.docmanager.service.StudentDocumentManagerTest" time="0.0"/>
  <testcase name="deleteAssignment_shouldDeleteFromBothS3AndDynamoDB" classname="com.classroom.docmanager.service.StudentDocumentManagerTest" time="0.001">
    <system-out><![CDATA[11:23:05.062 [main] INFO  c.c.d.service.StudentDocumentManager - Deleted assignment: Document{studentId='stu001', documentId='doc123', fileName='null', size=0}
]]></system-out>
  </testcase>
</testsuite>